#
# There is insufficient memory for the Java Runtime Environment to continue.
# Native memory allocation (mmap) failed to map 266338304 bytes for G1 virtual space
# Possible reasons:
#   The system is out of physical RAM or swap space
#   The process is running with CompressedOops enabled, and the Java Heap may be blocking the growth of the native heap
# Possible solutions:
#   Reduce memory load on the system
#   Increase physical memory or swap space
#   Check if swap backing store is full
#   Decrease Java heap size (-Xmx/-Xms)
#   Decrease number of Java threads
#   Decrease Java thread stack sizes (-Xss)
#   Set larger code cache with -XX:ReservedCodeCacheSize=
#   JVM is running with Zero Based Compressed Oops mode in which the Java heap is
#     placed in the first 32GB address space. The Java Heap base address is the
#     maximum limit for the native heap growth. Please use -XX:HeapBaseMinAddress
#     to set the Java Heap base and to place the Java Heap above 32GB virtual address.
# This output file may be truncated or incomplete.
#
#  Out of Memory Error (os_windows.cpp:3469), pid=17004, tid=1908
#
# JRE version:  (17.0.1+12) (build )
# Java VM: Java HotSpot(TM) 64-Bit Server VM (17.0.1+12-LTS-39, mixed mode, emulated-client, sharing, tiered, compressed oops, compressed class ptrs, g1 gc, windows-amd64)
# No core dump will be written. Minidumps are not enabled by default on client versions of Windows
#

---------------  S U M M A R Y ------------

Command Line: -XX:TieredStopAtLevel=1 -Xverify:none -Dspring.output.ansi.enabled=always -Dcom.sun.management.jmxremote -Dspring.jmx.enabled=true -Dspring.liveBeansView.mbeanDomain -Dspring.application.admin.enabled=true -javaagent:D:\IntelliJ uIDEA 2022.1\lib\idea_rt.jar=55350:D:\IntelliJ uIDEA 2022.1\bin -Dfile.encoding=UTF-8 com.example.backendfinalproject.BackendFinalProjectApplication

Host: Intel(R) Core(TM) i7-9750H CPU @ 2.60GHz, 12 cores, 15G,  Windows 10 , 64 bit Build 19041 (10.0.19041.207)
Time: Tue Mar  7 00:26:32 2023  Windows 10 , 64 bit Build 19041 (10.0.19041.207) elapsed time: 0.011616 seconds (0d 0h 0m 0s)

---------------  T H R E A D  ---------------

Current thread (0x00000186689c51e0):  JavaThread "Unknown thread" [_thread_in_vm, id=1908, stack(0x0000007905500000,0x0000007905600000)]

Stack: [0x0000007905500000,0x0000007905600000]
Native frames: (J=compiled Java code, j=interpreted, Vv=VM code, C=native code)
V  [jvm.dll+0x66fa1a]
V  [jvm.dll+0x7ce5a4]
V  [jvm.dll+0x7cfd4e]
V  [jvm.dll+0x7d03b3]
V  [jvm.dll+0x242b05]
V  [jvm.dll+0x66ca39]
V  [jvm.dll+0x661502]
V  [jvm.dll+0x30081b]
V  [jvm.dll+0x307da6]
V  [jvm.dll+0x357a1e]
V  [jvm.dll+0x357c4f]
V  [jvm.dll+0x2d7ad8]
V  [jvm.dll+0x2d8a44]
V  [jvm.dll+0x7a01e1]
V  [jvm.dll+0x365791]
V  [jvm.dll+0x77f6cc]
V  [jvm.dll+0x3e812f]
V  [jvm.dll+0x3e9bd1]
C  [jli.dll+0x527b]
C  [ucrtbase.dll+0x21542]
C  [KERNEL32.DLL+0x16fd4]
C  [ntdll.dll+0x4cec1]


---------------  P R O C E S S  ---------------

Threads class SMR info:
_java_thread_list=0x00007ffd2eb97818, length=0, elements={
}

Java Threads: ( => current thread )

Other Threads:
  0x0000018668a13810 GCTaskThread "GC Thread#0" [stack: 0x0000007905600000,0x0000007905700000] [id=10896]
  0x0000018668a245a0 ConcurrentGCThread "G1 Main Marker" [stack: 0x0000007905700000,0x0000007905800000] [id=11456]
  0x0000018668a25750 ConcurrentGCThread "G1 Conc#0" [stack: 0x0000007905800000,0x0000007905900000] [id=16496]

[error occurred during error reporting (printing all threads), id 0xc0000005, EXCEPTION_ACCESS_VIOLATION (0xc0000005) at pc=0x00007ffd2e3e84b7]

VM state: not at safepoint (not fully initialized)

VM Mutex/Monitor currently owned by a thread:  ([mutex/lock_event])
[0x00000186689c1eb0] Heap_lock - owner thread: 0x00000186689c51e0

Heap address: 0x0000000702800000, size: 4056 MB, Compressed Oops mode: Zero based, Oop shift amount: 3

CDS archive(s) mapped at: [0x0000000000000000-0x0000000000000000-0x0000000000000000), size 0, SharedBaseAddress: 0x0000000800000000, ArchiveRelocationMode: 0.
Narrow klass base: 0x0000000000000000, Narrow klass shift: 0, Narrow klass range: 0x0

GC Precious Log:
<Empty>

Heap:
 garbage-first heap   total 0K, used 0K [0x0000000702800000, 0x0000000800000000)
  region size 2048K, 0 young (0K), 0 survivors (0K)

[error occurred during error reporting (printing heap information), id 0xc0000005, EXCEPTION_ACCESS_VIOLATION (0xc0000005) at pc=0x00007ffd2e7c8d89]

GC Heap History (0 events):
No events

Deoptimization events (0 events):
No events

Classes unloaded (0 events):
No events

Classes redefined (0 events):
No events

Internal exceptions (0 events):
No events

VM Operations (0 events):
No events

Events (1 events):
Event: 0.007 Loaded shared library C:\Program Files\Java\jdk-17.0.1\bin\java.dll


Dynamic libraries:
0x00007ff6b6480000 - 0x00007ff6b6490000 	C:\Program Files\Java\jdk-17.0.1\bin\java.exe
0x00007ffd94450000 - 0x00007ffd94644000 	C:\Windows\SYSTEM32\ntdll.dll
0x00007ffd664b0000 - 0x00007ffd664c7000 	C:\Program Files\Avast Software\Avast\aswhook.dll
0x00007ffd92850000 - 0x00007ffd9290d000 	C:\Windows\System32\KERNEL32.DLL
0x00007ffd92160000 - 0x00007ffd92427000 	C:\Windows\System32\KERNELBASE.dll
0x00007ffd92060000 - 0x00007ffd92160000 	C:\Windows\System32\ucrtbase.dll
0x00007ffd71cc0000 - 0x00007ffd71cda000 	C:\Program Files\Java\jdk-17.0.1\bin\VCRUNTIME140.dll
0x00007ffd71d00000 - 0x00007ffd71d18000 	C:\Program Files\Java\jdk-17.0.1\bin\jli.dll
0x00007ffd94200000 - 0x00007ffd942aa000 	C:\Windows\System32\ADVAPI32.dll
0x00007ffd93840000 - 0x00007ffd938de000 	C:\Windows\System32\msvcrt.dll
0x00007ffd94030000 - 0x00007ffd940cb000 	C:\Windows\System32\sechost.dll
0x00007ffd940d0000 - 0x00007ffd941f3000 	C:\Windows\System32\RPCRT4.dll
0x00007ffd92f60000 - 0x00007ffd93100000 	C:\Windows\System32\USER32.dll
0x00007ffd7e0e0000 - 0x00007ffd7e37a000 	C:\Windows\WinSxS\amd64_microsoft.windows.common-controls_6595b64144ccf1df_6.0.19041.1_none_b555e41d4684ddec\COMCTL32.dll
0x00007ffd91ee0000 - 0x00007ffd91f02000 	C:\Windows\System32\win32u.dll
0x00007ffd93f10000 - 0x00007ffd93f3a000 	C:\Windows\System32\GDI32.dll
0x00007ffd91c20000 - 0x00007ffd91d29000 	C:\Windows\System32\gdi32full.dll
0x00007ffd91fc0000 - 0x00007ffd9205d000 	C:\Windows\System32\msvcp_win.dll
0x00007ffd8aed0000 - 0x00007ffd8aeda000 	C:\Windows\SYSTEM32\VERSION.dll
0x00007ffd943e0000 - 0x00007ffd94410000 	C:\Windows\System32\IMM32.DLL
0x00007ffd89de0000 - 0x00007ffd89dec000 	C:\Program Files\Java\jdk-17.0.1\bin\vcruntime140_1.dll
0x00007ffd599a0000 - 0x00007ffd59a2d000 	C:\Program Files\Java\jdk-17.0.1\bin\msvcp140.dll
0x00007ffd2e100000 - 0x00007ffd2ecbe000 	C:\Program Files\Java\jdk-17.0.1\bin\server\jvm.dll
0x00007ffd93f00000 - 0x00007ffd93f08000 	C:\Windows\System32\PSAPI.DLL
0x00007ffd7b1b0000 - 0x00007ffd7b1b9000 	C:\Windows\SYSTEM32\WSOCK32.dll
0x00007ffd93ad0000 - 0x00007ffd93b3b000 	C:\Windows\System32\WS2_32.dll
0x00007ffd7dd40000 - 0x00007ffd7dd67000 	C:\Windows\SYSTEM32\WINMM.dll
0x00007ffd904b0000 - 0x00007ffd904c3000 	C:\Windows\SYSTEM32\kernel.appcore.dll
0x00007ffd89d70000 - 0x00007ffd89d7a000 	C:\Program Files\Java\jdk-17.0.1\bin\jimage.dll
0x00007ffd90090000 - 0x00007ffd90274000 	C:\Windows\SYSTEM32\DBGHELP.DLL
0x00007ffd88bf0000 - 0x00007ffd88c1c000 	C:\Windows\SYSTEM32\dbgcore.DLL
0x00007ffd91ba0000 - 0x00007ffd91c1f000 	C:\Windows\System32\bcryptPrimitives.dll
0x00007ffd8c250000 - 0x00007ffd8c25e000 	C:\Program Files\Java\jdk-17.0.1\bin\instrument.dll
0x00007ffd6b460000 - 0x00007ffd6b485000 	C:\Program Files\Java\jdk-17.0.1\bin\java.dll

dbghelp: loaded successfully - version: 4.0.5 - missing functions: none
symbol engine: initialized successfully - sym options: 0x614 - pdb path: .;C:\Program Files\Java\jdk-17.0.1\bin;C:\Windows\SYSTEM32;C:\Program Files\Avast Software\Avast;C:\Windows\WinSxS\amd64_microsoft.windows.common-controls_6595b64144ccf1df_6.0.19041.1_none_b555e41d4684ddec;C:\Program Files\Java\jdk-17.0.1\bin\server

VM Arguments:
jvm_args: -XX:TieredStopAtLevel=1 -Xverify:none -Dspring.output.ansi.enabled=always -Dcom.sun.management.jmxremote -Dspring.jmx.enabled=true -Dspring.liveBeansView.mbeanDomain -Dspring.application.admin.enabled=true -javaagent:D:\IntelliJ uIDEA 2022.1\lib\idea_rt.jar=55350:D:\IntelliJ uIDEA 2022.1\bin -Dfile.encoding=UTF-8 
java_command: com.example.backendfinalproject.BackendFinalProjectApplication
java_class_path (initial): D:\intellijUJavaProjects\backendFinalProject\target\classes;C:\Users\Пользователь\.m2\repository\org\springframework\boot\spring-boot-starter-data-jpa\3.0.4\spring-boot-starter-data-jpa-3.0.4.jar;C:\Users\Пользователь\.m2\repository\org\springframework\boot\spring-boot-starter-aop\3.0.4\spring-boot-starter-aop-3.0.4.jar;C:\Users\Пользователь\.m2\repository\org\aspectj\aspectjweaver\1.9.19\aspectjweaver-1.9.19.jar;C:\Users\Пользователь\.m2\repository\org\springframework\boot\spring-boot-starter-jdbc\3.0.4\spring-boot-starter-jdbc-3.0.4.jar;C:\Users\Пользователь\.m2\repository\com\zaxxer\HikariCP\5.0.1\HikariCP-5.0.1.jar;C:\Users\Пользователь\.m2\repository\org\springframework\spring-jdbc\6.0.6\spring-jdbc-6.0.6.jar;C:\Users\Пользователь\.m2\repository\org\hibernate\orm\hibernate-core\6.1.7.Final\hibernate-core-6.1.7.Final.jar;C:\Users\Пользователь\.m2\repository\jakarta\persistence\jakarta.persistence-api\3.1.0\jakarta.persistence-api-3.1.0.jar;C:\Users\Пользователь\.m2\repository\jakarta\transaction\jakarta.transaction-api\2.0.1\jakarta.transaction-api-2.0.1.jar;C:\Users\Пользователь\.m2\repository\org\jboss\logging\jboss-logging\3.5.0.Final\jboss-logging-3.5.0.Final.jar;C:\Users\Пользователь\.m2\repository\org\hibernate\common\hibernate-commons-annotations\6.0.6.Final\hibernate-commons-annotations-6.0.6.Final.jar;C:\Users\Пользователь\.m2\repository\org\jboss\jandex\2.4.2.Final\jandex-2.4.2.Final.jar;C:\Users\Пользователь\.m2\repository\com\fasterxml\classmate\1.5.1\classmate-1.5.1.jar;C:\Users\Пользователь\.m2\repository\net\bytebuddy\byte-buddy\1.12.23\byte-buddy-1.12.23.jar;C:\Users\Пользователь\.m2\repository\org\glassfish\jaxb\jaxb-runtime\4.0.2\jaxb-runtime-4.0.2.jar;C:\Users\Пользователь\.m2\repository\org\glassfish\jaxb\jaxb-core\4.0.2\jaxb-core-4.0.2.jar;C:\Users\Пользователь\.m2\repository\org\eclipse\angus\angus-activation\2.0.0\angus-activation-2.0.0.jar;C:\Users\Пользователь\.m2\repository\org\glassfish\jaxb\txw2\4.0.2\txw2
Launcher Type: SUN_STANDARD

[Global flags]
     intx CICompilerCount                          = 4                                         {product} {ergonomic}
     uint ConcGCThreads                            = 3                                         {product} {ergonomic}
     uint G1ConcRefinementThreads                  = 10                                        {product} {ergonomic}
   size_t G1HeapRegionSize                         = 2097152                                   {product} {ergonomic}
    uintx GCDrainStackTargetSize                   = 64                                        {product} {ergonomic}
   size_t InitialHeapSize                          = 266338304                                 {product} {ergonomic}
     bool ManagementServer                         = true                                      {product} {command line}
   size_t MarkStackSize                            = 4194304                                   {product} {ergonomic}
   size_t MaxHeapSize                              = 4253024256                                {product} {ergonomic}
   size_t MinHeapDeltaBytes                        = 2097152                                   {product} {ergonomic}
   size_t MinHeapSize                              = 8388608                                   {product} {ergonomic}
    uintx NonProfiledCodeHeapSize                  = 0                                      {pd product} {ergonomic}
     bool ProfileInterpreter                       = false                                  {pd product} {command line}
    uintx ProfiledCodeHeapSize                     = 0                                      {pd product} {ergonomic}
   size_t SoftMaxHeapSize                          = 4253024256                             {manageable} {ergonomic}
     intx TieredStopAtLevel                        = 1                                         {product} {command line}
     bool UseCompressedClassPointers               = true                           {product lp64_product} {ergonomic}
     bool UseCompressedOops                        = true                           {product lp64_product} {ergonomic}
     bool UseG1GC                                  = true                                      {product} {ergonomic}
     bool UseLargePagesIndividualAllocation        = false                                  {pd product} {ergonomic}

Logging:
Log output configuration:
 #0: stdout all=warning uptime,level,tags
 #1: stderr all=off uptime,level,tags

Environment Variables:
JAVA_HOME=D:\jdk
PATH=C:\Program Files\Common Files\Oracle\Java\javapath;C:\Windows\system32;C:\Windows;C:\Windows\System32\Wbem;C:\Windows\System32\WindowsPowerShell\v1.0\;C:\Windows\System32\OpenSSH\;D:\Brackets\command;D:\putty\;D:\Git\cmd;C:\Program Files\dotnet\;D:\nodejs\;D:\jdk\bin;D:\maven\bin;C:\Windows\System32;D:\Microsoft VS Code\bin;D:\WebStorm 2022.3.2\bin;
USERNAME=Пользователь
OS=Windows_NT
PROCESSOR_IDENTIFIER=Intel64 Family 6 Model 158 Stepping 10, GenuineIntel



---------------  S Y S T E M  ---------------

OS:
 Windows 10 , 64 bit Build 19041 (10.0.19041.207)
OS uptime: 0 days 2:35 hours

CPU: total 12 (initial active 12) (6 cores per cpu, 2 threads per core) family 6 model 158 stepping 10 microcode 0xd2, cx8, cmov, fxsr, ht, mmx, 3dnowpref, sse, sse2, sse3, ssse3, sse4.1, sse4.2, popcnt, lzcnt, tsc, tscinvbit, avx, avx2, aes, erms, clmul, bmi1, bmi2, adx, fma, vzeroupper, clflush, clflushopt

Memory: 4k page, system-wide physical 16221M (3717M free)
TotalPageFile size 18167M (AvailPageFile size 137M)
current process WorkingSet (physical memory assigned to process): 10M, peak: 10M
current process commit charge ("private bytes"): 59M, peak: 313M

vm_info: Java HotSpot(TM) 64-Bit Server VM (17.0.1+12-LTS-39) for windows-amd64 JRE (17.0.1+12-LTS-39), built on Sep 27 2021 18:41:35 by "mach5one" with MS VC++ 16.8 (VS2019)

END.
